2020-06-10 17:12:09,773+0200 INFO  pdflatex - this process (14800) started by 'RecipeBookWin' with command line: E:\programming\RecipeBook\miktex\texmfs\install\miktex\bin\x64\pdflatex.exe C:/Users/phil/AppData/Local/Temp/recipeBookTemp/tempShoppingList.tex
2020-06-10 17:12:09,778+0200 INFO  pdflatex - allowing known shell commands
2020-06-10 17:12:09,778+0200 INFO  pdflatex - enabling input (output) from (to) processes
2020-06-10 17:12:10,904+0200 INFO  pdflatex - this process (14800) finishes with exit code 0
2020-06-10 17:12:10,905+0200 FATAL pdflatex - major issue: So far, you have not checked for MiKTeX updates.
2020-06-10 17:12:10,972+0200 INFO  pdflatex - this process (12280) started by 'RecipeBookWin' with command line: E:\programming\RecipeBook\miktex\texmfs\install\miktex\bin\x64\pdflatex.exe C:/Users/phil/AppData/Local/Temp/recipeBookTemp/tempShoppingList.tex
2020-06-10 17:12:10,977+0200 INFO  pdflatex - allowing known shell commands
2020-06-10 17:12:10,977+0200 INFO  pdflatex - enabling input (output) from (to) processes
2020-06-10 17:12:12,069+0200 INFO  pdflatex - this process (12280) finishes with exit code 0
2020-06-10 17:12:12,070+0200 FATAL pdflatex - major issue: So far, you have not checked for MiKTeX updates.
2020-06-10 17:12:29,217+0200 INFO  pdflatex - this process (9588) started by 'RecipeBookWin' with command line: E:\programming\RecipeBook\miktex\texmfs\install\miktex\bin\x64\pdflatex.exe C:/Users/phil/AppData/Local/Temp/recipeBookTemp/tempShoppingList.tex
2020-06-10 17:12:29,222+0200 INFO  pdflatex - allowing known shell commands
2020-06-10 17:12:29,222+0200 INFO  pdflatex - enabling input (output) from (to) processes
2020-06-10 17:12:30,288+0200 INFO  pdflatex - this process (9588) finishes with exit code 0
2020-06-10 17:12:30,289+0200 FATAL pdflatex - major issue: So far, you have not checked for MiKTeX updates.
2020-06-10 17:12:30,354+0200 INFO  pdflatex - this process (4000) started by 'RecipeBookWin' with command line: E:\programming\RecipeBook\miktex\texmfs\install\miktex\bin\x64\pdflatex.exe C:/Users/phil/AppData/Local/Temp/recipeBookTemp/tempShoppingList.tex
2020-06-10 17:12:30,359+0200 INFO  pdflatex - allowing known shell commands
2020-06-10 17:12:30,359+0200 INFO  pdflatex - enabling input (output) from (to) processes
2020-06-10 17:12:31,441+0200 INFO  pdflatex - this process (4000) finishes with exit code 0
2020-06-10 17:12:31,441+0200 FATAL pdflatex - major issue: So far, you have not checked for MiKTeX updates.
2020-06-10 17:13:06,803+0200 INFO  pdflatex - this process (10184) started by 'RecipeBookWin' with command line: E:\programming\RecipeBook\miktex\texmfs\install\miktex\bin\x64\pdflatex.exe C:/Users/phil/AppData/Local/Temp/recipeBookTemp/tempShoppingList.tex
2020-06-10 17:13:06,808+0200 INFO  pdflatex - allowing known shell commands
2020-06-10 17:13:06,808+0200 INFO  pdflatex - enabling input (output) from (to) processes
2020-06-10 17:13:07,949+0200 INFO  pdflatex - this process (10184) finishes with exit code 0
2020-06-10 17:13:07,950+0200 FATAL pdflatex - major issue: So far, you have not checked for MiKTeX updates.
2020-06-10 17:13:08,015+0200 INFO  pdflatex - this process (14016) started by 'RecipeBookWin' with command line: E:\programming\RecipeBook\miktex\texmfs\install\miktex\bin\x64\pdflatex.exe C:/Users/phil/AppData/Local/Temp/recipeBookTemp/tempShoppingList.tex
2020-06-10 17:13:08,020+0200 INFO  pdflatex - allowing known shell commands
2020-06-10 17:13:08,020+0200 INFO  pdflatex - enabling input (output) from (to) processes
2020-06-10 17:13:09,152+0200 INFO  pdflatex - this process (14016) finishes with exit code 0
2020-06-10 17:13:09,153+0200 FATAL pdflatex - major issue: So far, you have not checked for MiKTeX updates.
2020-06-10 17:13:40,949+0200 INFO  pdflatex - this process (19144) started by 'RecipeBookWin' with command line: E:\programming\RecipeBook\miktex\texmfs\install\miktex\bin\x64\pdflatex.exe C:/Users/phil/AppData/Local/Temp/recipeBookTemp/tempShoppingList.tex
2020-06-10 17:13:40,954+0200 INFO  pdflatex - allowing known shell commands
2020-06-10 17:13:40,954+0200 INFO  pdflatex - enabling input (output) from (to) processes
2020-06-10 17:13:42,018+0200 INFO  pdflatex - this process (19144) finishes with exit code 0
2020-06-10 17:13:42,018+0200 FATAL pdflatex - major issue: So far, you have not checked for MiKTeX updates.
2020-06-10 17:13:42,180+0200 INFO  pdflatex - this process (8680) started by 'RecipeBookWin' with command line: E:\programming\RecipeBook\miktex\texmfs\install\miktex\bin\x64\pdflatex.exe C:/Users/phil/AppData/Local/Temp/recipeBookTemp/tempShoppingList.tex
2020-06-10 17:13:42,185+0200 INFO  pdflatex - allowing known shell commands
2020-06-10 17:13:42,185+0200 INFO  pdflatex - enabling input (output) from (to) processes
2020-06-10 17:13:43,175+0200 INFO  pdflatex - this process (8680) finishes with exit code 0
2020-06-10 17:13:43,176+0200 FATAL pdflatex - major issue: So far, you have not checked for MiKTeX updates.
2020-06-10 17:14:00,187+0200 INFO  pdflatex - this process (11536) started by 'RecipeBookWin' with command line: E:\programming\RecipeBook\miktex\texmfs\install\miktex\bin\x64\pdflatex.exe C:/Users/phil/AppData/Local/Temp/recipeBookTemp/tempShoppingList.tex
2020-06-10 17:14:00,192+0200 INFO  pdflatex - allowing known shell commands
2020-06-10 17:14:00,192+0200 INFO  pdflatex - enabling input (output) from (to) processes
2020-06-10 17:14:01,183+0200 INFO  pdflatex - this process (11536) finishes with exit code 0
2020-06-10 17:14:01,184+0200 FATAL pdflatex - major issue: So far, you have not checked for MiKTeX updates.
2020-06-10 17:14:01,248+0200 INFO  pdflatex - this process (16432) started by 'RecipeBookWin' with command line: E:\programming\RecipeBook\miktex\texmfs\install\miktex\bin\x64\pdflatex.exe C:/Users/phil/AppData/Local/Temp/recipeBookTemp/tempShoppingList.tex
2020-06-10 17:14:01,253+0200 INFO  pdflatex - allowing known shell commands
2020-06-10 17:14:01,253+0200 INFO  pdflatex - enabling input (output) from (to) processes
2020-06-10 17:14:02,260+0200 INFO  pdflatex - this process (16432) finishes with exit code 0
2020-06-10 17:14:02,261+0200 FATAL pdflatex - major issue: So far, you have not checked for MiKTeX updates.
2020-06-10 17:14:05,522+0200 INFO  pdflatex - this process (8524) started by 'RecipeBookWin' with command line: E:\programming\RecipeBook\miktex\texmfs\install\miktex\bin\x64\pdflatex.exe C:/Users/phil/AppData/Local/Temp/recipeBookTemp/tempShoppingList.tex
2020-06-10 17:14:05,527+0200 INFO  pdflatex - allowing known shell commands
2020-06-10 17:14:05,527+0200 INFO  pdflatex - enabling input (output) from (to) processes
2020-06-10 17:14:05,756+0200 INFO  pdflatex - this process (8524) finishes with exit code 0
2020-06-10 17:14:05,757+0200 FATAL pdflatex - major issue: So far, you have not checked for MiKTeX updates.
2020-06-10 17:14:26,781+0200 INFO  pdflatex - this process (8424) started by 'RecipeBookWin' with command line: E:\programming\RecipeBook\miktex\texmfs\install\miktex\bin\x64\pdflatex.exe C:/Users/phil/AppData/Local/Temp/recipeBookTemp/tempShoppingList.tex
2020-06-10 17:14:26,786+0200 INFO  pdflatex - allowing known shell commands
2020-06-10 17:14:26,786+0200 INFO  pdflatex - enabling input (output) from (to) processes
2020-06-10 17:14:26,796+0200 FATAL pdflatex.core - The MiKTeX configuration utility (initexmf) could not be found.
2020-06-10 17:14:26,796+0200 FATAL pdflatex.core - Data: 
2020-06-10 17:14:26,796+0200 FATAL pdflatex.core - Source: Libraries\MiKTeX\App\app.cpp:758
2020-06-10 17:14:26,796+0200 FATAL pdflatex - The MiKTeX configuration utility (initexmf) could not be found.
2020-06-10 17:14:26,797+0200 FATAL pdflatex - Info: 
2020-06-10 17:14:26,797+0200 FATAL pdflatex - Source: Libraries\MiKTeX\App\app.cpp
2020-06-10 17:14:26,797+0200 FATAL pdflatex - Line: 758
2020-06-10 17:14:26,797+0200 INFO  pdflatex - this process (8424) finishes with exit code 1
2020-06-10 17:14:26,797+0200 FATAL pdflatex - major issue: So far, you have not checked for MiKTeX updates.
2020-06-10 17:14:26,867+0200 INFO  pdflatex - this process (18768) started by 'RecipeBookWin' with command line: E:\programming\RecipeBook\miktex\texmfs\install\miktex\bin\x64\pdflatex.exe C:/Users/phil/AppData/Local/Temp/recipeBookTemp/tempShoppingList.tex
2020-06-10 17:14:26,871+0200 INFO  pdflatex - allowing known shell commands
2020-06-10 17:14:26,871+0200 INFO  pdflatex - enabling input (output) from (to) processes
2020-06-10 17:14:26,883+0200 FATAL pdflatex.core - The MiKTeX configuration utility (initexmf) could not be found.
2020-06-10 17:14:26,883+0200 FATAL pdflatex.core - Data: 
2020-06-10 17:14:26,883+0200 FATAL pdflatex.core - Source: Libraries\MiKTeX\App\app.cpp:758
2020-06-10 17:14:26,883+0200 FATAL pdflatex - The MiKTeX configuration utility (initexmf) could not be found.
2020-06-10 17:14:26,883+0200 FATAL pdflatex - Info: 
2020-06-10 17:14:26,883+0200 FATAL pdflatex - Source: Libraries\MiKTeX\App\app.cpp
2020-06-10 17:14:26,883+0200 FATAL pdflatex - Line: 758
2020-06-10 17:14:26,884+0200 INFO  pdflatex - this process (18768) finishes with exit code 1
2020-06-10 17:14:26,884+0200 FATAL pdflatex - major issue: So far, you have not checked for MiKTeX updates.
2020-06-10 17:15:20,384+0200 INFO  pdflatex - this process (7008) started by 'RecipeBookWin' with command line: E:\programming\RecipeBook\miktex\texmfs\install\miktex\bin\x64\pdflatex.exe C:/Users/phil/AppData/Local/Temp/recipeBookTemp/tempShoppingList.tex
2020-06-10 17:15:20,389+0200 INFO  pdflatex - allowing known shell commands
2020-06-10 17:15:20,389+0200 INFO  pdflatex - enabling input (output) from (to) processes
2020-06-10 17:15:21,440+0200 INFO  pdflatex - this process (7008) finishes with exit code 0
2020-06-10 17:15:21,441+0200 FATAL pdflatex - major issue: So far, you have not checked for MiKTeX updates.
2020-06-10 17:15:21,507+0200 INFO  pdflatex - this process (17024) started by 'RecipeBookWin' with command line: E:\programming\RecipeBook\miktex\texmfs\install\miktex\bin\x64\pdflatex.exe C:/Users/phil/AppData/Local/Temp/recipeBookTemp/tempShoppingList.tex
2020-06-10 17:15:21,512+0200 INFO  pdflatex - allowing known shell commands
2020-06-10 17:15:21,512+0200 INFO  pdflatex - enabling input (output) from (to) processes
2020-06-10 17:15:22,515+0200 INFO  pdflatex - this process (17024) finishes with exit code 0
2020-06-10 17:15:22,516+0200 FATAL pdflatex - major issue: So far, you have not checked for MiKTeX updates.
2020-06-10 17:15:26,541+0200 INFO  pdflatex - this process (17596) started by 'RecipeBookWin' with command line: E:\programming\RecipeBook\miktex\texmfs\install\miktex\bin\x64\pdflatex.exe C:/Users/phil/AppData/Local/Temp/recipeBookTemp/tempShoppingList.tex
2020-06-10 17:15:26,546+0200 INFO  pdflatex - allowing known shell commands
2020-06-10 17:15:26,546+0200 INFO  pdflatex - enabling input (output) from (to) processes
2020-06-10 17:15:27,629+0200 INFO  pdflatex - this process (17596) finishes with exit code 0
2020-06-10 17:15:27,630+0200 FATAL pdflatex - major issue: So far, you have not checked for MiKTeX updates.
2020-06-10 17:15:27,694+0200 INFO  pdflatex - this process (1244) started by 'RecipeBookWin' with command line: E:\programming\RecipeBook\miktex\texmfs\install\miktex\bin\x64\pdflatex.exe C:/Users/phil/AppData/Local/Temp/recipeBookTemp/tempShoppingList.tex
2020-06-10 17:15:27,699+0200 INFO  pdflatex - allowing known shell commands
2020-06-10 17:15:27,699+0200 INFO  pdflatex - enabling input (output) from (to) processes
2020-06-10 17:15:28,736+0200 INFO  pdflatex - this process (1244) finishes with exit code 0
2020-06-10 17:15:28,737+0200 FATAL pdflatex - major issue: So far, you have not checked for MiKTeX updates.
2020-06-10 17:15:31,851+0200 INFO  pdflatex - this process (8328) started by 'RecipeBookWin' with command line: E:\programming\RecipeBook\miktex\texmfs\install\miktex\bin\x64\pdflatex.exe C:/Users/phil/AppData/Local/Temp/recipeBookTemp/tempShoppingList.tex
2020-06-10 17:15:31,856+0200 INFO  pdflatex - allowing known shell commands
2020-06-10 17:15:31,856+0200 INFO  pdflatex - enabling input (output) from (to) processes
2020-06-10 17:15:32,973+0200 INFO  pdflatex - this process (8328) finishes with exit code 0
2020-06-10 17:15:32,974+0200 FATAL pdflatex - major issue: So far, you have not checked for MiKTeX updates.
2020-06-10 17:15:33,038+0200 INFO  pdflatex - this process (10720) started by 'RecipeBookWin' with command line: E:\programming\RecipeBook\miktex\texmfs\install\miktex\bin\x64\pdflatex.exe C:/Users/phil/AppData/Local/Temp/recipeBookTemp/tempShoppingList.tex
2020-06-10 17:15:33,043+0200 INFO  pdflatex - allowing known shell commands
2020-06-10 17:15:33,043+0200 INFO  pdflatex - enabling input (output) from (to) processes
2020-06-10 17:15:34,088+0200 INFO  pdflatex - this process (10720) finishes with exit code 0
2020-06-10 17:15:34,089+0200 FATAL pdflatex - major issue: So far, you have not checked for MiKTeX updates.
2020-06-10 17:15:37,952+0200 INFO  pdflatex - this process (19264) started by 'RecipeBookWin' with command line: E:\programming\RecipeBook\miktex\texmfs\install\miktex\bin\x64\pdflatex.exe C:/Users/phil/AppData/Local/Temp/recipeBookTemp/tempShoppingList.tex
2020-06-10 17:15:37,957+0200 INFO  pdflatex - allowing known shell commands
2020-06-10 17:15:37,957+0200 INFO  pdflatex - enabling input (output) from (to) processes
2020-06-10 17:15:39,145+0200 INFO  pdflatex - this process (19264) finishes with exit code 0
2020-06-10 17:15:39,146+0200 FATAL pdflatex - major issue: So far, you have not checked for MiKTeX updates.
2020-06-10 17:15:39,214+0200 INFO  pdflatex - this process (14424) started by 'RecipeBookWin' with command line: E:\programming\RecipeBook\miktex\texmfs\install\miktex\bin\x64\pdflatex.exe C:/Users/phil/AppData/Local/Temp/recipeBookTemp/tempShoppingList.tex
2020-06-10 17:15:39,218+0200 INFO  pdflatex - allowing known shell commands
2020-06-10 17:15:39,218+0200 INFO  pdflatex - enabling input (output) from (to) processes
2020-06-10 17:15:40,388+0200 INFO  pdflatex - this process (14424) finishes with exit code 0
2020-06-10 17:15:40,389+0200 FATAL pdflatex - major issue: So far, you have not checked for MiKTeX updates.
2020-06-10 17:15:45,384+0200 INFO  pdflatex - this process (8660) started by 'RecipeBookWin' with command line: E:\programming\RecipeBook\miktex\texmfs\install\miktex\bin\x64\pdflatex.exe C:/Users/phil/AppData/Local/Temp/recipeBookTemp/tempShoppingList.tex
2020-06-10 17:15:45,388+0200 INFO  pdflatex - allowing known shell commands
2020-06-10 17:15:45,389+0200 INFO  pdflatex - enabling input (output) from (to) processes
2020-06-10 17:15:46,507+0200 INFO  pdflatex - this process (8660) finishes with exit code 0
2020-06-10 17:15:46,507+0200 FATAL pdflatex - major issue: So far, you have not checked for MiKTeX updates.
2020-06-10 17:15:46,571+0200 INFO  pdflatex - this process (5528) started by 'RecipeBookWin' with command line: E:\programming\RecipeBook\miktex\texmfs\install\miktex\bin\x64\pdflatex.exe C:/Users/phil/AppData/Local/Temp/recipeBookTemp/tempShoppingList.tex
2020-06-10 17:15:46,576+0200 INFO  pdflatex - allowing known shell commands
2020-06-10 17:15:46,576+0200 INFO  pdflatex - enabling input (output) from (to) processes
2020-06-10 17:15:47,663+0200 INFO  pdflatex - this process (5528) finishes with exit code 0
2020-06-10 17:15:47,663+0200 FATAL pdflatex - major issue: So far, you have not checked for MiKTeX updates.
2020-06-10 17:15:53,315+0200 INFO  pdflatex - this process (19100) started by 'RecipeBookWin' with command line: E:\programming\RecipeBook\miktex\texmfs\install\miktex\bin\x64\pdflatex.exe C:/Users/phil/AppData/Local/Temp/recipeBookTemp/tempShoppingList.tex
2020-06-10 17:15:53,320+0200 INFO  pdflatex - allowing known shell commands
2020-06-10 17:15:53,320+0200 INFO  pdflatex - enabling input (output) from (to) processes
2020-06-10 17:15:54,329+0200 INFO  pdflatex - this process (19100) finishes with exit code 0
2020-06-10 17:15:54,330+0200 FATAL pdflatex - major issue: So far, you have not checked for MiKTeX updates.
2020-06-10 17:15:54,395+0200 INFO  pdflatex - this process (8800) started by 'RecipeBookWin' with command line: E:\programming\RecipeBook\miktex\texmfs\install\miktex\bin\x64\pdflatex.exe C:/Users/phil/AppData/Local/Temp/recipeBookTemp/tempShoppingList.tex
2020-06-10 17:15:54,400+0200 INFO  pdflatex - allowing known shell commands
2020-06-10 17:15:54,400+0200 INFO  pdflatex - enabling input (output) from (to) processes
2020-06-10 17:15:55,373+0200 INFO  pdflatex - this process (8800) finishes with exit code 0
2020-06-10 17:15:55,374+0200 FATAL pdflatex - major issue: So far, you have not checked for MiKTeX updates.
2020-06-10 17:15:59,206+0200 INFO  pdflatex - this process (10352) started by 'RecipeBookWin' with command line: E:\programming\RecipeBook\miktex\texmfs\install\miktex\bin\x64\pdflatex.exe C:/Users/phil/AppData/Local/Temp/recipeBookTemp/tempShoppingList.tex
2020-06-10 17:15:59,210+0200 INFO  pdflatex - allowing known shell commands
2020-06-10 17:15:59,210+0200 INFO  pdflatex - enabling input (output) from (to) processes
2020-06-10 17:16:00,191+0200 INFO  pdflatex - this process (10352) finishes with exit code 0
2020-06-10 17:16:00,192+0200 FATAL pdflatex - major issue: So far, you have not checked for MiKTeX updates.
2020-06-10 17:16:00,259+0200 INFO  pdflatex - this process (19128) started by 'RecipeBookWin' with command line: E:\programming\RecipeBook\miktex\texmfs\install\miktex\bin\x64\pdflatex.exe C:/Users/phil/AppData/Local/Temp/recipeBookTemp/tempShoppingList.tex
2020-06-10 17:16:00,264+0200 INFO  pdflatex - allowing known shell commands
2020-06-10 17:16:00,264+0200 INFO  pdflatex - enabling input (output) from (to) processes
2020-06-10 17:16:01,222+0200 INFO  pdflatex - this process (19128) finishes with exit code 0
2020-06-10 17:16:01,223+0200 FATAL pdflatex - major issue: So far, you have not checked for MiKTeX updates.
2020-06-10 17:16:05,111+0200 INFO  pdflatex - this process (10420) started by 'RecipeBookWin' with command line: E:\programming\RecipeBook\miktex\texmfs\install\miktex\bin\x64\pdflatex.exe C:/Users/phil/AppData/Local/Temp/recipeBookTemp/tempShoppingList.tex
2020-06-10 17:16:05,116+0200 INFO  pdflatex - allowing known shell commands
2020-06-10 17:16:05,116+0200 INFO  pdflatex - enabling input (output) from (to) processes
2020-06-10 17:16:06,078+0200 INFO  pdflatex - this process (10420) finishes with exit code 0
2020-06-10 17:16:06,079+0200 FATAL pdflatex - major issue: So far, you have not checked for MiKTeX updates.
2020-06-10 17:16:06,145+0200 INFO  pdflatex - this process (18500) started by 'RecipeBookWin' with command line: E:\programming\RecipeBook\miktex\texmfs\install\miktex\bin\x64\pdflatex.exe C:/Users/phil/AppData/Local/Temp/recipeBookTemp/tempShoppingList.tex
2020-06-10 17:16:06,150+0200 INFO  pdflatex - allowing known shell commands
2020-06-10 17:16:06,150+0200 INFO  pdflatex - enabling input (output) from (to) processes
2020-06-10 17:16:07,081+0200 INFO  pdflatex - this process (18500) finishes with exit code 0
2020-06-10 17:16:07,082+0200 FATAL pdflatex - major issue: So far, you have not checked for MiKTeX updates.
2020-06-10 17:16:13,524+0200 INFO  pdflatex - this process (12416) started by 'RecipeBookWin' with command line: E:\programming\RecipeBook\miktex\texmfs\install\miktex\bin\x64\pdflatex.exe C:/Users/phil/AppData/Local/Temp/recipeBookTemp/tempShoppingList.tex
2020-06-10 17:16:13,528+0200 INFO  pdflatex - allowing known shell commands
2020-06-10 17:16:13,528+0200 INFO  pdflatex - enabling input (output) from (to) processes
2020-06-10 17:16:13,759+0200 INFO  pdflatex - this process (12416) finishes with exit code 0
2020-06-10 17:16:13,760+0200 FATAL pdflatex - major issue: So far, you have not checked for MiKTeX updates.
2020-06-10 17:33:54,395+0200 INFO  pdflatex - this process (6968) started by 'RecipeBookWin' with command line: E:\programming\RecipeBook\miktex\texmfs\install\miktex\bin\x64\pdflatex.exe C:/Users/phil/AppData/Local/Temp/recipeBookTemp/tempShoppingList.tex
2020-06-10 17:33:54,400+0200 INFO  pdflatex - allowing known shell commands
2020-06-10 17:33:54,400+0200 INFO  pdflatex - enabling input (output) from (to) processes
2020-06-10 17:33:55,487+0200 INFO  pdflatex - this process (6968) finishes with exit code 0
2020-06-10 17:33:55,488+0200 FATAL pdflatex - major issue: So far, you have not checked for MiKTeX updates.
2020-06-10 17:33:55,553+0200 INFO  pdflatex - this process (19284) started by 'RecipeBookWin' with command line: E:\programming\RecipeBook\miktex\texmfs\install\miktex\bin\x64\pdflatex.exe C:/Users/phil/AppData/Local/Temp/recipeBookTemp/tempShoppingList.tex
2020-06-10 17:33:55,558+0200 INFO  pdflatex - allowing known shell commands
2020-06-10 17:33:55,558+0200 INFO  pdflatex - enabling input (output) from (to) processes
2020-06-10 17:33:56,645+0200 INFO  pdflatex - this process (19284) finishes with exit code 0
2020-06-10 17:33:56,646+0200 FATAL pdflatex - major issue: So far, you have not checked for MiKTeX updates.
2020-06-13 14:12:27,105+0200 INFO  pdflatex - this process (13532) started by 'recipebook' with command line: E:\programming\RecipeBook\bin\texmfs\install\miktex\bin\x64\pdflatex.exe C:/Users/phil/AppData/Local/Temp/recipeBookTemp/tempShoppingList.tex
2020-06-13 14:12:27,143+0200 INFO  pdflatex - allowing known shell commands
2020-06-13 14:12:27,143+0200 INFO  pdflatex - enabling input (output) from (to) processes
2020-06-13 14:12:28,117+0200 INFO  pdflatex - this process (13532) finishes with exit code 0
2020-06-13 14:12:28,138+0200 FATAL pdflatex - major issue: So far, you have not checked for MiKTeX updates.
2020-06-13 14:12:43,107+0200 INFO  pdflatex - this process (5392) started by 'recipebook' with command line: E:\programming\RecipeBook\bin\texmfs\install\miktex\bin\x64\pdflatex.exe C:/Users/phil/AppData/Local/Temp/recipeBookTemp/tempShoppingList.tex
2020-06-13 14:12:43,112+0200 INFO  pdflatex - allowing known shell commands
2020-06-13 14:12:43,112+0200 INFO  pdflatex - enabling input (output) from (to) processes
2020-06-13 14:12:44,761+0200 INFO  pdflatex - this process (5392) finishes with exit code 0
2020-06-13 14:12:44,762+0200 FATAL pdflatex - major issue: So far, you have not checked for MiKTeX updates.
2020-06-13 14:12:44,832+0200 INFO  pdflatex - this process (4876) started by 'recipebook' with command line: E:\programming\RecipeBook\bin\texmfs\install\miktex\bin\x64\pdflatex.exe C:/Users/phil/AppData/Local/Temp/recipeBookTemp/tempShoppingList.tex
2020-06-13 14:12:44,837+0200 INFO  pdflatex - allowing known shell commands
2020-06-13 14:12:44,837+0200 INFO  pdflatex - enabling input (output) from (to) processes
2020-06-13 14:12:45,911+0200 INFO  pdflatex - this process (4876) finishes with exit code 0
2020-06-13 14:12:45,912+0200 FATAL pdflatex - major issue: So far, you have not checked for MiKTeX updates.
